2025-04-27 16:14:43,565 - zen_degen - INFO - Action: app_start | User: anonymous | Function: main | Time: 2025-04-27 16:14:43
2025-04-27 16:14:54,425 - zen_degen - INFO - Action: app_start | User: anonymous | Function: main | Time: 2025-04-27 16:14:54
2025-04-27 16:14:55,337 - zen_degen - INFO - Action: app_start | User: anonymous | Function: main | Time: 2025-04-27 16:14:55
2025-04-27 16:14:55,494 - zen_degen - INFO - Action: app_start | User: anonymous | Function: main | Time: 2025-04-27 16:14:55
2025-04-27 16:14:55,634 - zen_degen - INFO - Action: app_start | User: a | Function: main | Time: 2025-04-27 16:14:55
2025-04-27 16:14:55,672 - zen_degen - ERROR - Error in section view_dashboard: NameError: name 'st' is not defined
2025-04-27 16:15:02,167 - zen_degen - INFO - Action: app_start | User: a | Function: main | Time: 2025-04-27 16:15:02
2025-04-27 16:15:02,171 - zen_degen - ERROR - Error in section view_profile: NameError: name 'theme_id' is not defined
2025-04-27 16:15:05,344 - zen_degen - INFO - Action: app_start | User: a | Function: main | Time: 2025-04-27 16:15:05
2025-04-27 16:15:05,357 - zen_degen - ERROR - Error in section view_lesson: AttributeError: st.session_state has no attribute "current_lesson". Did you forget to initialize it? More info: https://docs.streamlit.io/develop/concepts/architecture/session-state#initialization
2025-04-27 16:15:06,386 - zen_degen - INFO - Action: app_start | User: a | Function: main | Time: 2025-04-27 16:15:06
2025-04-27 16:15:07,627 - zen_degen - INFO - Action: app_start | User: a | Function: main | Time: 2025-04-27 16:15:07
2025-04-27 16:15:07,638 - zen_degen - ERROR - Error in section view_dashboard: NameError: name 'st' is not defined
2025-04-27 16:16:49,736 - zen_degen - INFO - Action: app_start | User: anonymous | Function: main | Time: 2025-04-27 16:16:49
2025-04-27 16:18:37,877 - zen_degen - INFO - Action: app_start | User: anonymous | Function: main | Time: 2025-04-27 16:18:37
2025-04-27 16:18:44,082 - zen_degen - INFO - Action: app_start | User: anonymous | Function: main | Time: 2025-04-27 16:18:44
2025-04-27 16:18:45,118 - zen_degen - INFO - Action: app_start | User: anonymous | Function: main | Time: 2025-04-27 16:18:45
2025-04-27 16:18:45,302 - zen_degen - INFO - Action: app_start | User: anonymous | Function: main | Time: 2025-04-27 16:18:45
2025-04-27 16:18:45,459 - zen_degen - INFO - Action: app_start | User: a | Function: main | Time: 2025-04-27 16:18:45
2025-04-27 16:18:45,492 - zen_degen - ERROR - Error in section view_dashboard: NameError: name 'st' is not defined
2025-04-27 16:18:52,351 - zen_degen - INFO - Action: app_start | User: a | Function: main | Time: 2025-04-27 16:18:52
2025-04-27 16:18:54,448 - zen_degen - INFO - Action: app_start | User: a | Function: main | Time: 2025-04-27 16:18:54
2025-04-27 16:18:54,468 - zen_degen - ERROR - Error in section view_lesson: AttributeError: st.session_state has no attribute "current_lesson". Did you forget to initialize it? More info: https://docs.streamlit.io/develop/concepts/architecture/session-state#initialization
2025-04-27 16:18:59,243 - zen_degen - INFO - Action: app_start | User: a | Function: main | Time: 2025-04-27 16:18:59
2025-04-27 16:18:59,251 - zen_degen - ERROR - Error in section view_profile: NameError: name 'theme_id' is not defined
2025-04-27 16:19:10,915 - zen_degen - INFO - Action: app_start | User: a | Function: main | Time: 2025-04-27 16:19:10
2025-04-27 16:19:10,925 - zen_degen - ERROR - Error in section view_dashboard: NameError: name 'st' is not defined
2025-04-27 16:19:22,152 - zen_degen - INFO - Action: app_start | User: a | Function: main | Time: 2025-04-27 16:19:22
2025-04-27 16:19:24,919 - zen_degen - INFO - Action: app_start | User: a | Function: main | Time: 2025-04-27 16:19:24
2025-04-27 16:19:24,930 - zen_degen - ERROR - Error in section view_lesson: AttributeError: st.session_state has no attribute "current_lesson". Did you forget to initialize it? More info: https://docs.streamlit.io/develop/concepts/architecture/session-state#initialization
2025-04-27 16:19:26,329 - zen_degen - INFO - Action: app_start | User: a | Function: main | Time: 2025-04-27 16:19:26
2025-04-27 16:19:26,337 - zen_degen - ERROR - Error in section view_profile: NameError: name 'theme_id' is not defined
2025-04-27 16:19:27,223 - zen_degen - INFO - Action: app_start | User: a | Function: main | Time: 2025-04-27 16:19:27
2025-04-27 16:19:27,232 - zen_degen - ERROR - Error in section view_lesson: AttributeError: st.session_state has no attribute "current_lesson". Did you forget to initialize it? More info: https://docs.streamlit.io/develop/concepts/architecture/session-state#initialization
2025-04-27 16:19:42,178 - zen_degen - INFO - Action: app_start | User: a | Function: main | Time: 2025-04-27 16:19:42
2025-04-27 16:19:42,190 - zen_degen - ERROR - Error in section view_profile: NameError: name 'theme_id' is not defined
